<?xml version="1.0" encoding="UTF-8"?>
<!-- Generated by org.testng.reporters.JUnitReportReporter -->
<testsuite hostname="DESKTOP-1LN1B6K" failures="0" tests="1" name="crudOperation.DeleteadminId" time="10.690" errors="0" timestamp="2022-11-05T20:39:36 IST" skipped="0">
  <testcase classname="crudOperation.DeleteadminId" name="DeletewithTdd" time="10.690"/>
  <system-out/>
</testsuite> <!-- crudOperation.DeleteadminId -->
