<?xml version="1.0" encoding="UTF-8"?>
<!-- Generated by org.testng.reporters.JUnitReportReporter -->
<testsuite hostname="DESKTOP-1LN1B6K" failures="0" tests="1" name="crudOperation.GetWithadminId" time="11.660" errors="0" timestamp="2022-11-06T13:35:11 IST" skipped="0">
  <testcase classname="crudOperation.GetWithadminId" name="getwithTdd" time="11.660"/>
  <system-out/>
</testsuite> <!-- crudOperation.GetWithadminId -->
