<?xml version="1.0" encoding="UTF-8"?>
<!-- Generated by org.testng.reporters.JUnitReportReporter -->
<testsuite hostname="DESKTOP-1LN1B6K" failures="0" tests="1" name="crudOperation.PostwithTdd" time="9.940" errors="0" timestamp="2022-11-06T13:16:22 IST" skipped="0">
  <testcase classname="crudOperation.PostwithTdd" name="PostwithTdd" time="9.940"/>
  <system-out/>
</testsuite> <!-- crudOperation.PostwithTdd -->
