<?xml version="1.0" encoding="UTF-8"?>
<!-- Generated by org.testng.reporters.JUnitReportReporter -->
<testsuite hostname="DESKTOP-1LN1B6K" failures="0" tests="1" name="Authentication.BearerToken" time="11.146" errors="0" timestamp="2022-11-06T14:43:59 IST" skipped="0">
  <testcase classname="Authentication.BearerToken" name="bearerToken" time="11.146"/>
  <system-out/>
</testsuite> <!-- Authentication.BearerToken -->
