<?xml version="1.0" encoding="UTF-8"?>
<!-- Generated by org.testng.reporters.JUnitReportReporter -->
<testsuite hostname="DESKTOP-1LN1B6K" failures="0" tests="1" name="crudOperation.Delete2withTdd" time="12.052" errors="0" timestamp="2022-11-04T16:13:11 IST" skipped="0">
  <testcase classname="crudOperation.Delete2withTdd" name="Delete2withTdd" time="12.052"/>
  <system-out/>
</testsuite> <!-- crudOperation.Delete2withTdd -->
