<?xml version="1.0" encoding="UTF-8"?>
<!-- Generated by org.testng.reporters.JUnitReportReporter -->
<testsuite hostname="DESKTOP-1LN1B6K" failures="0" tests="1" name="crudOperation.Post2withTdd" time="8.601" errors="0" timestamp="2022-11-06T13:16:48 IST" skipped="0">
  <testcase classname="crudOperation.Post2withTdd" name="Post2withTdd" time="8.601"/>
  <system-out/>
</testsuite> <!-- crudOperation.Post2withTdd -->
