<?xml version="1.0" encoding="UTF-8"?>
<!-- Generated by org.testng.reporters.JUnitReportReporter -->
<testsuite hostname="DESKTOP-1LN1B6K" failures="0" tests="1" name="crudOperation.GetwithfoodmenuId" time="8.377" errors="0" timestamp="2022-11-06T13:17:24 IST" skipped="0">
  <testcase classname="crudOperation.GetwithfoodmenuId" name="Get2withTdd" time="8.377"/>
  <system-out/>
</testsuite> <!-- crudOperation.GetwithfoodmenuId -->
