<?xml version="1.0" encoding="UTF-8"?>
<!-- Generated by org.testng.reporters.JUnitReportReporter -->
<testsuite hostname="DESKTOP-1LN1B6K" failures="0" tests="1" name="Authentication.BasicAuth" time="10.708" errors="0" timestamp="2022-11-05T22:00:37 IST" skipped="0">
  <testcase classname="Authentication.BasicAuth" name="bearerToken" time="10.708"/>
  <system-out/>
</testsuite> <!-- Authentication.BasicAuth -->
