<?xml version="1.0" encoding="UTF-8"?>
<!-- Generated by org.testng.reporters.JUnitReportReporter -->
<testsuite hostname="DESKTOP-1LN1B6K" failures="0" tests="1" name="crudOperation.DeletewithTdd" time="15.362" errors="0" timestamp="2022-11-04T16:11:57 IST" skipped="0">
  <testcase classname="crudOperation.DeletewithTdd" name="DeletewithTdd" time="15.362"/>
  <system-out/>
</testsuite> <!-- crudOperation.DeletewithTdd -->
