<?xml version="1.0" encoding="UTF-8"?>
<!-- Generated by org.testng.reporters.JUnitReportReporter -->
<testsuite hostname="DESKTOP-1LN1B6K" failures="0" tests="1" name="crudOperation.DeleteFoodmenuId" time="11.882" errors="0" timestamp="2022-11-06T13:36:39 IST" skipped="0">
  <testcase classname="crudOperation.DeleteFoodmenuId" name="Delete2withTdd" time="11.882"/>
  <system-out/>
</testsuite> <!-- crudOperation.DeleteFoodmenuId -->
